<?xml version="1.0" encoding="UTF-8"?>
<!-- Generated by org.testng.reporters.JUnitXMLReporter -->
<testsuite ignored="0" hostname="PADMAKAR" failures="0" tests="5" name="Test" time="30.802" errors="0" timestamp="23 Feb 2024 04:06:04 GMT">
  <testcase classname="com.TimesheetManagementTool_Project.TestScript.ValidLoginTest" name="login" time="0.734"/>
  <testcase classname="com.TimesheetManagementTool_Project.TestScript.InvalidLoginTest" name="invalidLogin" time="1.494"/>
  <testcase classname="com.TimesheetManagementTool_Project.TestScript.CreateUserTest" name="createUser" time="2.075"/>
  <testcase classname="com.TimesheetManagementTool_Project.TestScript.CreateCustomerAndProjectTest" name="createCustomerAndProject" time="16.488"/>
  <testcase classname="com.TimesheetManagementTool_Project.TestScript.DeleteAllCustomerAndProjectTest" name="deleteAllProjectAndCustomer" time="1.411"/>
</testsuite> <!-- Test -->
