<?xml version="1.0" encoding="UTF-8"?>
<testng-results ignored="0" total="5" passed="5" failed="0" skipped="0">
  <reporter-output>
    <line>
      <![CDATA[Launchingchromebrowser]]>
    </line>
    <line>
      <![CDATA[Launchingchromebrowser]]>
    </line>
    <line>
      <![CDATA[Launchingchromebrowser]]>
    </line>
    <line>
      <![CDATA[Launchingchromebrowser]]>
    </line>
    <line>
      <![CDATA[Launchingchromebrowser]]>
    </line>
  </reporter-output>
  <suite started-at="2024-02-23T04:05:33Z" name="Suite" finished-at="2024-02-23T04:06:04Z" duration-ms="30802">
    <groups>
    </groups>
    <test started-at="2024-02-23T04:05:33Z" name="Test" finished-at="2024-02-23T04:06:04Z" duration-ms="30802">
      <class name="com.TimesheetManagementTool_Project.TestScript.ValidLoginTest">
        <test-method is-config="true" signature="launchBrowser(java.lang.String)[pri:0, instance:com.TimesheetManagementTool_Project.TestScript.ValidLoginTest@51fadaff]" started-at="2024-02-23T04:05:33Z" name="launchBrowser" finished-at="2024-02-23T04:05:35Z" duration-ms="1943" status="PASS">
          <params>
            <param index="0">
              <value>
                <![CDATA[chrome]]>
              </value>
            </param>
          </params>
          <reporter-output>
            <line>
              <![CDATA[Launchingchromebrowser]]>
            </line>
          </reporter-output>
        </test-method> <!-- launchBrowser -->
        <test-method signature="login()[pri:0, instance:com.TimesheetManagementTool_Project.TestScript.ValidLoginTest@51fadaff]" started-at="2024-02-23T04:05:35Z" name="login" finished-at="2024-02-23T04:05:36Z" duration-ms="734" status="PASS">
          <reporter-output>
          </reporter-output>
        </test-method> <!-- login -->
        <test-method is-config="true" signature="closeBrowser()[pri:0, instance:com.TimesheetManagementTool_Project.TestScript.ValidLoginTest@51fadaff]" started-at="2024-02-23T04:05:36Z" name="closeBrowser" finished-at="2024-02-23T04:05:36Z" duration-ms="169" status="PASS">
          <reporter-output>
          </reporter-output>
        </test-method> <!-- closeBrowser -->
      </class> <!-- com.TimesheetManagementTool_Project.TestScript.ValidLoginTest -->
      <class name="com.TimesheetManagementTool_Project.TestScript.InvalidLoginTest">
        <test-method is-config="true" signature="launchBrowser(java.lang.String)[pri:0, instance:com.TimesheetManagementTool_Project.TestScript.InvalidLoginTest@401f7633]" started-at="2024-02-23T04:05:36Z" name="launchBrowser" finished-at="2024-02-23T04:05:37Z" duration-ms="1341" status="PASS">
          <params>
            <param index="0">
              <value>
                <![CDATA[chrome]]>
              </value>
            </param>
          </params>
          <reporter-output>
            <line>
              <![CDATA[Launchingchromebrowser]]>
            </line>
          </reporter-output>
        </test-method> <!-- launchBrowser -->
        <test-method signature="invalidLogin()[pri:0, instance:com.TimesheetManagementTool_Project.TestScript.InvalidLoginTest@401f7633]" started-at="2024-02-23T04:05:37Z" name="invalidLogin" finished-at="2024-02-23T04:05:39Z" duration-ms="1494" status="PASS">
          <reporter-output>
          </reporter-output>
        </test-method> <!-- invalidLogin -->
        <test-method is-config="true" signature="closeBrowser()[pri:0, instance:com.TimesheetManagementTool_Project.TestScript.InvalidLoginTest@401f7633]" started-at="2024-02-23T04:05:39Z" name="closeBrowser" finished-at="2024-02-23T04:05:39Z" duration-ms="174" status="PASS">
          <reporter-output>
          </reporter-output>
        </test-method> <!-- closeBrowser -->
      </class> <!-- com.TimesheetManagementTool_Project.TestScript.InvalidLoginTest -->
      <class name="com.TimesheetManagementTool_Project.TestScript.DeleteAllCustomerAndProjectTest">
        <test-method is-config="true" signature="launchBrowser(java.lang.String)[pri:0, instance:com.TimesheetManagementTool_Project.TestScript.DeleteAllCustomerAndProjectTest@5c44c582]" started-at="2024-02-23T04:06:01Z" name="launchBrowser" finished-at="2024-02-23T04:06:02Z" duration-ms="1507" status="PASS">
          <params>
            <param index="0">
              <value>
                <![CDATA[chrome]]>
              </value>
            </param>
          </params>
          <reporter-output>
            <line>
              <![CDATA[Launchingchromebrowser]]>
            </line>
          </reporter-output>
        </test-method> <!-- launchBrowser -->
        <test-method signature="deleteAllProjectAndCustomer()[pri:0, instance:com.TimesheetManagementTool_Project.TestScript.DeleteAllCustomerAndProjectTest@5c44c582]" started-at="2024-02-23T04:06:02Z" name="deleteAllProjectAndCustomer" finished-at="2024-02-23T04:06:04Z" duration-ms="1411" status="PASS">
          <reporter-output>
          </reporter-output>
        </test-method> <!-- deleteAllProjectAndCustomer -->
        <test-method is-config="true" signature="closeBrowser()[pri:0, instance:com.TimesheetManagementTool_Project.TestScript.DeleteAllCustomerAndProjectTest@5c44c582]" started-at="2024-02-23T04:06:04Z" name="closeBrowser" finished-at="2024-02-23T04:06:04Z" duration-ms="218" status="PASS">
          <reporter-output>
          </reporter-output>
        </test-method> <!-- closeBrowser -->
      </class> <!-- com.TimesheetManagementTool_Project.TestScript.DeleteAllCustomerAndProjectTest -->
      <class name="com.TimesheetManagementTool_Project.TestScript.CreateUserTest">
        <test-method is-config="true" signature="launchBrowser(java.lang.String)[pri:0, instance:com.TimesheetManagementTool_Project.TestScript.CreateUserTest@31ff43be]" started-at="2024-02-23T04:05:39Z" name="launchBrowser" finished-at="2024-02-23T04:05:40Z" duration-ms="1300" status="PASS">
          <params>
            <param index="0">
              <value>
                <![CDATA[chrome]]>
              </value>
            </param>
          </params>
          <reporter-output>
            <line>
              <![CDATA[Launchingchromebrowser]]>
            </line>
          </reporter-output>
        </test-method> <!-- launchBrowser -->
        <test-method signature="createUser()[pri:0, instance:com.TimesheetManagementTool_Project.TestScript.CreateUserTest@31ff43be]" started-at="2024-02-23T04:05:40Z" name="createUser" finished-at="2024-02-23T04:05:42Z" duration-ms="2075" status="PASS">
          <reporter-output>
          </reporter-output>
        </test-method> <!-- createUser -->
        <test-method is-config="true" signature="closeBrowser()[pri:0, instance:com.TimesheetManagementTool_Project.TestScript.CreateUserTest@31ff43be]" started-at="2024-02-23T04:05:42Z" name="closeBrowser" finished-at="2024-02-23T04:05:43Z" duration-ms="153" status="PASS">
          <reporter-output>
          </reporter-output>
        </test-method> <!-- closeBrowser -->
      </class> <!-- com.TimesheetManagementTool_Project.TestScript.CreateUserTest -->
      <class name="com.TimesheetManagementTool_Project.TestScript.CreateCustomerAndProjectTest">
        <test-method is-config="true" signature="launchBrowser(java.lang.String)[pri:0, instance:com.TimesheetManagementTool_Project.TestScript.CreateCustomerAndProjectTest@5b6ec132]" started-at="2024-02-23T04:05:43Z" name="launchBrowser" finished-at="2024-02-23T04:05:44Z" duration-ms="1437" status="PASS">
          <params>
            <param index="0">
              <value>
                <![CDATA[chrome]]>
              </value>
            </param>
          </params>
          <reporter-output>
            <line>
              <![CDATA[Launchingchromebrowser]]>
            </line>
          </reporter-output>
        </test-method> <!-- launchBrowser -->
        <test-method signature="createCustomerAndProject()[pri:0, instance:com.TimesheetManagementTool_Project.TestScript.CreateCustomerAndProjectTest@5b6ec132]" started-at="2024-02-23T04:05:44Z" name="createCustomerAndProject" finished-at="2024-02-23T04:06:00Z" duration-ms="16488" status="PASS">
          <reporter-output>
          </reporter-output>
        </test-method> <!-- createCustomerAndProject -->
        <test-method is-config="true" signature="closeBrowser()[pri:0, instance:com.TimesheetManagementTool_Project.TestScript.CreateCustomerAndProjectTest@5b6ec132]" started-at="2024-02-23T04:06:00Z" name="closeBrowser" finished-at="2024-02-23T04:06:01Z" duration-ms="333" status="PASS">
          <reporter-output>
          </reporter-output>
        </test-method> <!-- closeBrowser -->
      </class> <!-- com.TimesheetManagementTool_Project.TestScript.CreateCustomerAndProjectTest -->
    </test> <!-- Test -->
  </suite> <!-- Suite -->
</testng-results>
